app/build/intermediates/manifest_merge_blame_file/debug/manifest-merger-blame-debug-report.txt
1<?xml version="1.0" encoding="utf-8"?>
2<manifest xmlns:android="http://schemas.android.com/apk/res/android"
3    package="com.maxfour.music"
4    android:versionCode="10"
5    android:versionName="1.3.1" >
6
7    <uses-sdk
8        android:minSdkVersion="16"
8-->src\main\AndroidManifest.xml
9        android:targetSdkVersion="28" />
9-->src\main\AndroidManifest.xml
10
11    <uses-permission android:name="android.permission.WAKE_LOCK" />
11-->src\main\AndroidManifest.xml:6:5-68
11-->src\main\AndroidManifest.xml:6:22-65
12    <uses-permission android:name="android.permission.READ_EXTERNAL_STORAGE" />
12-->src\main\AndroidManifest.xml:7:5-80
12-->src\main\AndroidManifest.xml:7:22-77
13    <uses-permission android:name="android.permission.WRITE_EXTERNAL_STORAGE" />
13-->src\main\AndroidManifest.xml:8:5-81
13-->src\main\AndroidManifest.xml:8:22-78
14    <uses-permission android:name="android.permission.INTERNET" />
14-->src\main\AndroidManifest.xml:9:5-67
14-->src\main\AndroidManifest.xml:9:22-64
15    <uses-permission android:name="android.permission.ACCESS_NETWORK_STATE" />
15-->src\main\AndroidManifest.xml:10:5-79
15-->src\main\AndroidManifest.xml:10:22-76
16    <uses-permission android:name="android.permission.BROADCAST_STICKY" />
16-->src\main\AndroidManifest.xml:11:5-75
16-->src\main\AndroidManifest.xml:11:22-72
17    <uses-permission android:name="android.permission.WRITE_SETTINGS" />
17-->src\main\AndroidManifest.xml:12:5-73
17-->src\main\AndroidManifest.xml:12:22-70
18    <uses-permission android:name="android.permission.RECEIVE_BOOT_COMPLETED" />
18-->src\main\AndroidManifest.xml:13:5-81
18-->src\main\AndroidManifest.xml:13:22-78
19    <uses-permission android:name="android.permission.FOREGROUND_SERVICE" />
19-->src\main\AndroidManifest.xml:14:5-77
19-->src\main\AndroidManifest.xml:14:22-74
20
21    <application
21-->src\main\AndroidManifest.xml:16:5-206:19
22        android:name="com.maxfour.music.App"
22-->src\main\AndroidManifest.xml:17:9-28
23        android:allowBackup="true"
23-->src\main\AndroidManifest.xml:18:9-35
24        android:appComponentFactory="androidx.core.app.CoreComponentFactory"
24-->[androidx.core:core:1.0.2] AndroidManifest.xml:22:18-86
25        android:debuggable="true"
26        android:icon="@mipmap/ic_music"
26-->src\main\AndroidManifest.xml:19:9-40
27        android:label="@string/app_name"
27-->src\main\AndroidManifest.xml:20:9-41
28        android:supportsRtl="true"
28-->src\main\AndroidManifest.xml:21:9-35
29        android:testOnly="true"
30        android:theme="@style/Theme.Music.Light" >
30-->src\main\AndroidManifest.xml:22:9-49
31        <activity android:name="com.maxfour.music.ui.activities.MainActivity" >
31-->src\main\AndroidManifest.xml:24:9-94:20
31-->src\main\AndroidManifest.xml:24:19-61
32            <intent-filter>
32-->src\main\AndroidManifest.xml:25:13-32:29
33                <action android:name="android.intent.action.MAIN" />
33-->src\main\AndroidManifest.xml:26:17-69
33-->src\main\AndroidManifest.xml:26:25-66
34                <action android:name="android.intent.action.MUSIC_PLAYER" />
34-->src\main\AndroidManifest.xml:27:17-77
34-->src\main\AndroidManifest.xml:27:25-74
35
36                <category android:name="android.intent.category.LAUNCHER" />
36-->src\main\AndroidManifest.xml:29:17-77
36-->src\main\AndroidManifest.xml:29:27-74
37                <category android:name="android.intent.category.APP_MUSIC" />
37-->src\main\AndroidManifest.xml:30:17-78
37-->src\main\AndroidManifest.xml:30:27-75
38                <category android:name="android.intent.category.DEFAULT" />
38-->src\main\AndroidManifest.xml:31:17-76
38-->src\main\AndroidManifest.xml:31:27-73
39            </intent-filter>
40            <intent-filter>
40-->src\main\AndroidManifest.xml:33:13-37:29
41                <action android:name="android.media.action.MEDIA_PLAY_FROM_SEARCH" />
41-->src\main\AndroidManifest.xml:34:17-86
41-->src\main\AndroidManifest.xml:34:25-83
42
43                <category android:name="android.intent.category.DEFAULT" />
43-->src\main\AndroidManifest.xml:31:17-76
43-->src\main\AndroidManifest.xml:31:27-73
44            </intent-filter>
45            <intent-filter>
45-->src\main\AndroidManifest.xml:38:13-48:29
46                <action android:name="android.intent.action.VIEW" />
46-->src\main\AndroidManifest.xml:39:17-69
46-->src\main\AndroidManifest.xml:39:25-66
47
48                <category android:name="android.intent.category.DEFAULT" />
48-->src\main\AndroidManifest.xml:31:17-76
48-->src\main\AndroidManifest.xml:31:27-73
49
50                <data android:scheme="content" />
50-->src\main\AndroidManifest.xml:43:17-50
50-->src\main\AndroidManifest.xml:43:23-47
51                <data android:mimeType="audio/*" />
51-->src\main\AndroidManifest.xml:43:17-50
51-->src\main\AndroidManifest.xml:44:23-49
52                <data android:mimeType="application/ogg" />
52-->src\main\AndroidManifest.xml:43:17-50
52-->src\main\AndroidManifest.xml:44:23-49
53                <data android:mimeType="application/x-ogg" />
53-->src\main\AndroidManifest.xml:43:17-50
53-->src\main\AndroidManifest.xml:44:23-49
54                <data android:mimeType="application/itunes" />
54-->src\main\AndroidManifest.xml:43:17-50
54-->src\main\AndroidManifest.xml:44:23-49
55            </intent-filter>
56            <intent-filter>
56-->src\main\AndroidManifest.xml:49:13-59:29
57                <action android:name="android.intent.action.VIEW" />
57-->src\main\AndroidManifest.xml:39:17-69
57-->src\main\AndroidManifest.xml:39:25-66
58
59                <category android:name="android.intent.category.DEFAULT" />
59-->src\main\AndroidManifest.xml:31:17-76
59-->src\main\AndroidManifest.xml:31:27-73
60
61                <data android:scheme="file" />
61-->src\main\AndroidManifest.xml:43:17-50
61-->src\main\AndroidManifest.xml:43:23-47
62                <data android:mimeType="audio/*" />
62-->src\main\AndroidManifest.xml:43:17-50
62-->src\main\AndroidManifest.xml:44:23-49
63                <data android:mimeType="application/ogg" />
63-->src\main\AndroidManifest.xml:43:17-50
63-->src\main\AndroidManifest.xml:44:23-49
64                <data android:mimeType="application/x-ogg" />
64-->src\main\AndroidManifest.xml:43:17-50
64-->src\main\AndroidManifest.xml:44:23-49
65                <data android:mimeType="application/itunes" />
65-->src\main\AndroidManifest.xml:43:17-50
65-->src\main\AndroidManifest.xml:44:23-49
66            </intent-filter>
67            <intent-filter>
67-->src\main\AndroidManifest.xml:60:13-71:29
68                <action android:name="android.intent.action.VIEW" />
68-->src\main\AndroidManifest.xml:39:17-69
68-->src\main\AndroidManifest.xml:39:25-66
69
70                <category android:name="android.intent.category.DEFAULT" />
70-->src\main\AndroidManifest.xml:31:17-76
70-->src\main\AndroidManifest.xml:31:27-73
71                <category android:name="android.intent.category.BROWSABLE" />
71-->src\main\AndroidManifest.xml:64:17-78
71-->src\main\AndroidManifest.xml:64:27-75
72
73                <data android:scheme="http" />
73-->src\main\AndroidManifest.xml:43:17-50
73-->src\main\AndroidManifest.xml:43:23-47
74                <data android:mimeType="audio/*" />
74-->src\main\AndroidManifest.xml:43:17-50
74-->src\main\AndroidManifest.xml:44:23-49
75                <data android:mimeType="application/ogg" />
75-->src\main\AndroidManifest.xml:43:17-50
75-->src\main\AndroidManifest.xml:44:23-49
76                <data android:mimeType="application/x-ogg" />
76-->src\main\AndroidManifest.xml:43:17-50
76-->src\main\AndroidManifest.xml:44:23-49
77                <data android:mimeType="application/itunes" />
77-->src\main\AndroidManifest.xml:43:17-50
77-->src\main\AndroidManifest.xml:44:23-49
78            </intent-filter>
79            <intent-filter>
79-->src\main\AndroidManifest.xml:72:13-80:29
80                <action android:name="android.intent.action.VIEW" />
80-->src\main\AndroidManifest.xml:39:17-69
80-->src\main\AndroidManifest.xml:39:25-66
81
82                <category android:name="android.intent.category.DEFAULT" />
82-->src\main\AndroidManifest.xml:31:17-76
82-->src\main\AndroidManifest.xml:31:27-73
83
84                <data android:mimeType="vnd.android.cursor.dir/playlist" />
84-->src\main\AndroidManifest.xml:43:17-50
84-->src\main\AndroidManifest.xml:44:23-49
85                <data android:mimeType="vnd.android.cursor.dir/albums" />
85-->src\main\AndroidManifest.xml:43:17-50
85-->src\main\AndroidManifest.xml:44:23-49
86                <data android:mimeType="vnd.android.cursor.dir/artists" />
86-->src\main\AndroidManifest.xml:43:17-50
86-->src\main\AndroidManifest.xml:44:23-49
87            </intent-filter>
88            <intent-filter>
88-->src\main\AndroidManifest.xml:81:13-85:29
89                <action android:name="com.cyanogenmod.eleven.AUDIO_PLAYER" />
89-->src\main\AndroidManifest.xml:82:17-78
89-->src\main\AndroidManifest.xml:82:25-75
90
91                <category android:name="android.intent.category.DEFAULT" />
91-->src\main\AndroidManifest.xml:31:17-76
91-->src\main\AndroidManifest.xml:31:27-73
92            </intent-filter>
93            <intent-filter>
93-->src\main\AndroidManifest.xml:86:13-93:29
94                <action android:name="android.intent.action.PICK" />
94-->src\main\AndroidManifest.xml:87:17-69
94-->src\main\AndroidManifest.xml:87:25-66
95
96                <category android:name="android.intent.category.DEFAULT" />
96-->src\main\AndroidManifest.xml:31:17-76
96-->src\main\AndroidManifest.xml:31:27-73
97                <category android:name="android.intent.category.OPENABLE" />
97-->src\main\AndroidManifest.xml:90:17-77
97-->src\main\AndroidManifest.xml:90:27-74
98
99                <data android:mimeType="vnd.android.cursor.dir/audio" />
99-->src\main\AndroidManifest.xml:43:17-50
99-->src\main\AndroidManifest.xml:44:23-49
100            </intent-filter>
101        </activity>
102        <activity android:name="com.maxfour.music.ui.activities.AlbumDetailActivity" />
102-->src\main\AndroidManifest.xml:95:9-71
102-->src\main\AndroidManifest.xml:95:19-68
103        <activity android:name="com.maxfour.music.ui.activities.ArtistDetailActivity" />
103-->src\main\AndroidManifest.xml:96:9-72
103-->src\main\AndroidManifest.xml:96:19-69
104        <activity android:name="com.maxfour.music.ui.activities.GenreDetailActivity" />
104-->src\main\AndroidManifest.xml:97:9-71
104-->src\main\AndroidManifest.xml:97:19-68
105        <activity android:name="com.maxfour.music.ui.activities.PlaylistDetailActivity" />
105-->src\main\AndroidManifest.xml:98:9-74
105-->src\main\AndroidManifest.xml:98:19-71
106        <activity
106-->src\main\AndroidManifest.xml:99:9-101:58
107            android:name="com.maxfour.music.ui.activities.tageditor.SongTagEditorActivity"
107-->src\main\AndroidManifest.xml:100:13-74
108            android:windowSoftInputMode="adjustResize" />
108-->src\main\AndroidManifest.xml:101:13-55
109        <activity
109-->src\main\AndroidManifest.xml:102:9-104:58
110            android:name="com.maxfour.music.ui.activities.tageditor.AlbumTagEditorActivity"
110-->src\main\AndroidManifest.xml:103:13-75
111            android:windowSoftInputMode="adjustResize" />
111-->src\main\AndroidManifest.xml:104:13-55
112        <activity android:name="com.maxfour.music.ui.activities.SearchActivity" />
112-->src\main\AndroidManifest.xml:105:9-66
112-->src\main\AndroidManifest.xml:105:19-63
113        <activity
113-->src\main\AndroidManifest.xml:106:9-108:55
114            android:name="com.maxfour.music.ui.activities.SettingsActivity"
114-->src\main\AndroidManifest.xml:107:13-59
115            android:label="@string/action_settings" />
115-->src\main\AndroidManifest.xml:108:13-52
116        <activity
116-->src\main\AndroidManifest.xml:109:9-112:50
117            android:name="com.maxfour.music.ui.activities.intro.AppIntroActivity"
117-->src\main\AndroidManifest.xml:110:13-65
118            android:label="@string/intro_label"
118-->src\main\AndroidManifest.xml:111:13-48
119            android:theme="@style/Theme.Intro" />
119-->src\main\AndroidManifest.xml:112:13-47
120        <activity
120-->src\main\AndroidManifest.xml:113:9-116:75
121            android:name="com.maxfour.music.appshortcuts.AppShortcutLauncherActivity"
121-->src\main\AndroidManifest.xml:114:13-69
122            android:launchMode="singleInstance"
122-->src\main\AndroidManifest.xml:115:13-48
123            android:theme="@android:style/Theme.Translucent.NoTitleBar" />
123-->src\main\AndroidManifest.xml:116:13-72
124
125        <service
125-->src\main\AndroidManifest.xml:118:9-120:38
126            android:name="com.maxfour.music.service.MusicService"
126-->src\main\AndroidManifest.xml:119:13-49
127            android:enabled="true" />
127-->src\main\AndroidManifest.xml:120:13-35
128
129        <receiver android:name="com.maxfour.music.service.MediaButtonIntentReceiver" >
129-->src\main\AndroidManifest.xml:122:9-126:20
129-->src\main\AndroidManifest.xml:122:19-68
130            <intent-filter>
130-->src\main\AndroidManifest.xml:123:13-125:29
131                <action android:name="android.intent.action.MEDIA_BUTTON" />
131-->src\main\AndroidManifest.xml:124:17-77
131-->src\main\AndroidManifest.xml:124:25-74
132            </intent-filter>
133        </receiver>
134
135        <meta-data
135-->src\main\AndroidManifest.xml:128:9-130:35
136            android:name="android.max_aspect"
136-->src\main\AndroidManifest.xml:129:13-46
137            android:value="2.1" />
137-->src\main\AndroidManifest.xml:130:13-32
138        <meta-data
138-->src\main\AndroidManifest.xml:131:9-133:36
139            android:name="com.lge.support.SPLIT_WINDOW"
139-->src\main\AndroidManifest.xml:132:13-56
140            android:value="true" />
140-->src\main\AndroidManifest.xml:133:13-33
141        <meta-data
141-->src\main\AndroidManifest.xml:134:9-136:43
142            android:name="com.maxfour.music.glide.MusicGlideModule"
142-->src\main\AndroidManifest.xml:135:13-68
143            android:value="GlideModule" />
143-->src\main\AndroidManifest.xml:136:13-40
144        <meta-data
144-->src\main\AndroidManifest.xml:137:9-139:43
145            android:name="com.bumptech.glide.integration.okhttp3.OkHttpGlideModule"
145-->src\main\AndroidManifest.xml:138:13-84
146            android:value="GlideModule" />
146-->src\main\AndroidManifest.xml:139:13-40
147
148        <!-- Widgets -->
149        <receiver android:name="com.maxfour.music.appwidgets.BootReceiver" >
149-->src\main\AndroidManifest.xml:142:9-147:20
149-->src\main\AndroidManifest.xml:142:19-58
150            <intent-filter>
150-->src\main\AndroidManifest.xml:143:13-146:29
151                <action android:name="android.intent.action.BOOT_COMPLETED" />
151-->src\main\AndroidManifest.xml:144:17-79
151-->src\main\AndroidManifest.xml:144:25-76
152                <action android:name="android.intent.action.QUICKBOOT_POWERON" />
152-->src\main\AndroidManifest.xml:145:17-82
152-->src\main\AndroidManifest.xml:145:25-79
153            </intent-filter>
154        </receiver>
155        <receiver
155-->src\main\AndroidManifest.xml:148:9-159:20
156            android:name="com.maxfour.music.appwidgets.AppWidgetBig"
156-->src\main\AndroidManifest.xml:149:13-52
157            android:exported="false"
157-->src\main\AndroidManifest.xml:150:13-37
158            android:label="@string/app_widget_big_name" >
158-->src\main\AndroidManifest.xml:151:13-56
159            <intent-filter>
159-->src\main\AndroidManifest.xml:152:13-154:29
160                <action android:name="android.appwidget.action.APPWIDGET_UPDATE" />
160-->src\main\AndroidManifest.xml:153:17-84
160-->src\main\AndroidManifest.xml:153:25-81
161            </intent-filter>
162
163            <meta-data
163-->src\main\AndroidManifest.xml:156:13-158:63
164                android:name="android.appwidget.provider"
164-->src\main\AndroidManifest.xml:157:17-58
165                android:resource="@xml/app_widget_big_info" />
165-->src\main\AndroidManifest.xml:158:17-60
166        </receiver>
167        <receiver
167-->src\main\AndroidManifest.xml:160:9-171:20
168            android:name="com.maxfour.music.appwidgets.AppWidgetClassic"
168-->src\main\AndroidManifest.xml:161:13-56
169            android:exported="false"
169-->src\main\AndroidManifest.xml:162:13-37
170            android:label="@string/app_widget_classic_name" >
170-->src\main\AndroidManifest.xml:163:13-60
171            <intent-filter>
171-->src\main\AndroidManifest.xml:152:13-154:29
172                <action android:name="android.appwidget.action.APPWIDGET_UPDATE" />
172-->src\main\AndroidManifest.xml:153:17-84
172-->src\main\AndroidManifest.xml:153:25-81
173            </intent-filter>
174
175            <meta-data
175-->src\main\AndroidManifest.xml:156:13-158:63
176                android:name="android.appwidget.provider"
176-->src\main\AndroidManifest.xml:157:17-58
177                android:resource="@xml/app_widget_classic_info" />
177-->src\main\AndroidManifest.xml:158:17-60
178        </receiver>
179        <receiver
179-->src\main\AndroidManifest.xml:172:9-183:20
180            android:name="com.maxfour.music.appwidgets.AppWidgetSmall"
180-->src\main\AndroidManifest.xml:173:13-54
181            android:exported="false"
181-->src\main\AndroidManifest.xml:174:13-37
182            android:label="@string/app_widget_small_name" >
182-->src\main\AndroidManifest.xml:175:13-58
183            <intent-filter>
183-->src\main\AndroidManifest.xml:152:13-154:29
184                <action android:name="android.appwidget.action.APPWIDGET_UPDATE" />
184-->src\main\AndroidManifest.xml:153:17-84
184-->src\main\AndroidManifest.xml:153:25-81
185            </intent-filter>
186
187            <meta-data
187-->src\main\AndroidManifest.xml:156:13-158:63
188                android:name="android.appwidget.provider"
188-->src\main\AndroidManifest.xml:157:17-58
189                android:resource="@xml/app_widget_small_info" />
189-->src\main\AndroidManifest.xml:158:17-60
190        </receiver>
191        <receiver
191-->src\main\AndroidManifest.xml:184:9-195:20
192            android:name="com.maxfour.music.appwidgets.AppWidgetCard"
192-->src\main\AndroidManifest.xml:185:13-53
193            android:exported="false"
193-->src\main\AndroidManifest.xml:186:13-37
194            android:label="@string/app_widget_card_name" >
194-->src\main\AndroidManifest.xml:187:13-57
195            <intent-filter>
195-->src\main\AndroidManifest.xml:152:13-154:29
196                <action android:name="android.appwidget.action.APPWIDGET_UPDATE" />
196-->src\main\AndroidManifest.xml:153:17-84
196-->src\main\AndroidManifest.xml:153:25-81
197            </intent-filter>
198
199            <meta-data
199-->src\main\AndroidManifest.xml:156:13-158:63
200                android:name="android.appwidget.provider"
200-->src\main\AndroidManifest.xml:157:17-58
201                android:resource="@xml/app_widget_card_info" />
201-->src\main\AndroidManifest.xml:158:17-60
202        </receiver>
203
204        <provider
205            android:name="androidx.core.content.FileProvider"
205-->src\main\AndroidManifest.xml:198:13-62
206            android:authorities="com.maxfour.music"
206-->src\main\AndroidManifest.xml:199:13-51
207            android:exported="false"
207-->src\main\AndroidManifest.xml:200:13-37
208            android:grantUriPermissions="true" >
208-->src\main\AndroidManifest.xml:201:13-47
209            <meta-data
209-->src\main\AndroidManifest.xml:202:13-204:58
210                android:name="android.support.FILE_PROVIDER_PATHS"
210-->src\main\AndroidManifest.xml:203:17-67
211                android:resource="@xml/provider_paths" />
211-->src\main\AndroidManifest.xml:204:17-55
212        </provider>
213
214        <activity android:name="com.kabouzeid.appthemehelper.common.ATHToolbarActivity" />
214-->[com.github.kabouzeid:app-theme-helper:1.3.10] AndroidManifest.xml:12:9-91
214-->[com.github.kabouzeid:app-theme-helper:1.3.10] AndroidManifest.xml:12:19-88
215        <activity android:name="com.kabouzeid.appthemehelper.ATHActivity" />
215-->[com.github.kabouzeid:app-theme-helper:1.3.10] AndroidManifest.xml:13:9-77
215-->[com.github.kabouzeid:app-theme-helper:1.3.10] AndroidManifest.xml:13:19-74
216        <activity android:name="com.kabouzeid.appthemehelper.common.ATHActionBarActivity" />
216-->[com.github.kabouzeid:app-theme-helper:1.3.10] AndroidManifest.xml:14:9-93
216-->[com.github.kabouzeid:app-theme-helper:1.3.10] AndroidManifest.xml:14:19-90
217    </application>
218
219</manifest>